<?xml version="1.0" encoding="UTF-8"?>
<testng-results ignored="0" total="1" passed="1" failed="0" skipped="0">
  <reporter-output>
  </reporter-output>
  <suite started-at="2022-05-02T22:43:42 CDT" name="Default suite" finished-at="2022-05-02T22:44:05 CDT" duration-ms="23492">
    <groups>
    </groups>
    <test started-at="2022-05-02T22:43:42 CDT" name="Default test" finished-at="2022-05-02T22:44:05 CDT" duration-ms="23492">
      <class name="com.testscenarios.JRI_NAvigation">
        <test-method signature="f()[pri:0, instance:com.testscenarios.JRI_NAvigation@6392827e]" started-at="2022-05-02T22:43:42 CDT" name="f" finished-at="2022-05-02T22:44:05 CDT" duration-ms="23411" status="PASS">
          <reporter-output>
          </reporter-output>
        </test-method> <!-- f -->
      </class> <!-- com.testscenarios.JRI_NAvigation -->
    </test> <!-- Default test -->
  </suite> <!-- Default suite -->
</testng-results>
